\BOOKMARK [0][-]{chapter*.1}{Declaration}{}% 1
\BOOKMARK [0][-]{chapter*.2}{Acknowledgments}{}% 2
\BOOKMARK [0][-]{chapter*.3}{Abstract}{}% 3
\BOOKMARK [0][-]{section*.5}{List of Figures}{}% 4
\BOOKMARK [0][-]{section*.7}{List of Tables}{}% 5
\BOOKMARK [0][-]{chapter.1}{Introduction}{}% 6
\BOOKMARK [1][-]{section.1.1}{Neutron Stars and Pulsars}{chapter.1}% 7
\BOOKMARK [1][-]{section.1.2}{Emission Mechanism of Pulsars}{chapter.1}% 8
\BOOKMARK [2][-]{subsection.1.2.1}{Magnetic Dipole Model}{section.1.2}% 9
\BOOKMARK [2][-]{subsection.1.2.2}{Synchrotron Radiation}{section.1.2}% 10
\BOOKMARK [2][-]{subsection.1.2.3}{Inverse-Compton radiation}{section.1.2}% 11
\BOOKMARK [2][-]{subsection.1.2.4}{Curvature Radiation}{section.1.2}% 12
\BOOKMARK [1][-]{section.1.3}{Millisecond Pulsar}{chapter.1}% 13
\BOOKMARK [2][-]{subsection.1.3.1}{P- Diagram}{section.1.3}% 14
\BOOKMARK [2][-]{subsection.1.3.2}{Origin of Millisecond Pulsars}{section.1.3}% 15
\BOOKMARK [1][-]{section.1.4}{Introduction to the Three MSPs and Previous Works}{chapter.1}% 16
\BOOKMARK [1][-]{section.1.5}{Objectives}{chapter.1}% 17
\BOOKMARK [0][-]{chapter.2}{Gamma-Ray Analysis and Results}{}% 18
\BOOKMARK [1][-]{section.2.1}{Introduction to the Fermi Gamma-Ray \040Space Telescope}{chapter.2}% 19
\BOOKMARK [1][-]{section.2.2}{A Brief Introduction to Fermi Data Analysis}{chapter.2}% 20
\BOOKMARK [1][-]{section.2.3}{Fermi LAT Data Analysis}{chapter.2}% 21
\BOOKMARK [2][-]{subsection.2.3.1}{Verifying the Data Analysis Process}{section.2.3}% 22
\BOOKMARK [1][-]{section.2.4}{PSR J0218+4232}{chapter.2}% 23
\BOOKMARK [2][-]{subsection.2.4.1}{Count Maps And Count Cubes}{section.2.4}% 24
\BOOKMARK [2][-]{subsection.2.4.2}{Binned Likelihood Analysis}{section.2.4}% 25
\BOOKMARK [1][-]{section.2.5}{PSR B1821-24}{chapter.2}% 26
\BOOKMARK [2][-]{subsection.2.5.1}{Count Maps And Count Cubes}{section.2.5}% 27
\BOOKMARK [2][-]{subsection.2.5.2}{Binned Likelihood Analysis}{section.2.5}% 28
\BOOKMARK [1][-]{section.2.6}{PSR B1937+21}{chapter.2}% 29
\BOOKMARK [2][-]{subsection.2.6.1}{Phase Averaged Analysis}{section.2.6}% 30
\BOOKMARK [2][-]{subsection.2.6.2}{Phase Resolved Analysis}{section.2.6}% 31
\BOOKMARK [1][-]{section.2.7}{Summary of the Results}{chapter.2}% 32
\BOOKMARK [0][-]{chapter.3}{Theory and Simulation}{}% 33
\BOOKMARK [1][-]{section.3.1}{A Brief Introduction to the Outer Gap Model}{chapter.3}% 34
\BOOKMARK [1][-]{section.3.2}{Two-Layer Model}{chapter.3}% 35
\BOOKMARK [1][-]{section.3.3}{X-ray Emission Model}{chapter.3}% 36
\BOOKMARK [1][-]{section.3.4}{Simple Optimizations of Numerical Calculation}{chapter.3}% 37
\BOOKMARK [2][-]{subsection.3.4.1}{Accuracy}{section.3.4}% 38
\BOOKMARK [2][-]{subsection.3.4.2}{Speed of Computation}{section.3.4}% 39
\BOOKMARK [1][-]{section.3.5}{Numerical Calculation of Spectra Based on the Two-Layer Model}{chapter.3}% 40
\BOOKMARK [0][-]{chapter.4}{Discussion}{}% 41
\BOOKMARK [1][-]{section.4.1}{Constraints of the Two-Layer Model}{chapter.4}% 42
\BOOKMARK [1][-]{section.4.2}{Inconsistency Between the Two-Layer \040Model and Fit Results}{chapter.4}% 43
\BOOKMARK [0][-]{chapter.5}{Conclusion and Future Works}{}% 44
\BOOKMARK [1][-]{section.5.1}{Conclusion}{chapter.5}% 45
\BOOKMARK [1][-]{section.5.2}{Analysis With LAT 8-year Point Source List}{chapter.5}% 46
\BOOKMARK [1][-]{section.5.3}{Future Works}{chapter.5}% 47
